<?xml version="1.0" encoding="UTF-8"?>
<!-- Generated by org.testng.reporters.JUnitReportReporter -->
<testsuite hostname="172-31-72-207" name="demologin.loginTest" tests="1" failures="0" timestamp="9 Dec 2022 07:58:01 GMT" time="36.143" errors="0">
  <testcase name="verifyLogin" time="36.143" classname="demologin.loginTest"/>
</testsuite> <!-- demologin.loginTest -->
